<?xml version="1.0" encoding="UTF-8"?>
<testng-results skipped="0" failed="0" ignored="0" total="2" passed="2">
  <reporter-output>
  </reporter-output>
  <suite name="Suite" duration-ms="11110" started-at="2023-02-12T21:01:26 IST" finished-at="2023-02-12T21:01:37 IST">
    <groups>
    </groups>
    <test name="Test" duration-ms="11110" started-at="2023-02-12T21:01:26 IST" finished-at="2023-02-12T21:01:37 IST">
      <class name="testcases.LoginTest">
        <test-method status="PASS" signature="setUpBrowser()[pri:0, instance:testcases.LoginTest@36c88a32]" name="setUpBrowser" is-config="true" duration-ms="5129" started-at="2023-02-12T21:01:27 IST" finished-at="2023-02-12T21:01:32 IST">
          <reporter-output>
          </reporter-output>
        </test-method> <!-- setUpBrowser -->
        <test-method status="PASS" signature="loginToApplication(java.lang.String,java.lang.String)[pri:0, instance:testcases.LoginTest@36c88a32]" name="loginToApplication" duration-ms="305" started-at="2023-02-12T21:01:32 IST" data-provider="loginDataSet" finished-at="2023-02-12T21:01:32 IST">
          <params>
            <param index="0">
              <value>
                <![CDATA[ineuron@ineuron.ai]]>
              </value>
            </param>
            <param index="1">
              <value>
                <![CDATA[ineuron]]>
              </value>
            </param>
          </params>
          <reporter-output>
          </reporter-output>
        </test-method> <!-- loginToApplication -->
        <test-method status="PASS" signature="tearDown()[pri:0, instance:testcases.LoginTest@36c88a32]" name="tearDown" is-config="true" duration-ms="655" started-at="2023-02-12T21:01:33 IST" finished-at="2023-02-12T21:01:33 IST">
          <reporter-output>
          </reporter-output>
        </test-method> <!-- tearDown -->
        <test-method status="PASS" signature="setUpBrowser()[pri:0, instance:testcases.LoginTest@36c88a32]" name="setUpBrowser" is-config="true" duration-ms="2237" started-at="2023-02-12T21:01:33 IST" finished-at="2023-02-12T21:01:36 IST">
          <reporter-output>
          </reporter-output>
        </test-method> <!-- setUpBrowser -->
        <test-method status="PASS" signature="loginToApplication(java.lang.String,java.lang.String)[pri:0, instance:testcases.LoginTest@36c88a32]" name="loginToApplication" duration-ms="262" started-at="2023-02-12T21:01:36 IST" data-provider="loginDataSet" finished-at="2023-02-12T21:01:36 IST">
          <params>
            <param index="0">
              <value>
                <![CDATA[admin@admin.com]]>
              </value>
            </param>
            <param index="1">
              <value>
                <![CDATA[admin]]>
              </value>
            </param>
          </params>
          <reporter-output>
          </reporter-output>
        </test-method> <!-- loginToApplication -->
        <test-method status="PASS" signature="tearDown()[pri:0, instance:testcases.LoginTest@36c88a32]" name="tearDown" is-config="true" duration-ms="640" started-at="2023-02-12T21:01:36 IST" finished-at="2023-02-12T21:01:37 IST">
          <reporter-output>
          </reporter-output>
        </test-method> <!-- tearDown -->
      </class> <!-- testcases.LoginTest -->
    </test> <!-- Test -->
  </suite> <!-- Suite -->
</testng-results>
