<?xml version="1.0" encoding="UTF-8"?>
<testng-results ignored="0" total="2" passed="2" failed="0" skipped="0">
  <reporter-output>
  </reporter-output>
  <suite started-at="2023-02-11T15:20:44 IST" name="Suite" finished-at="2023-02-11T15:20:52 IST" duration-ms="7376">
    <groups>
    </groups>
    <test started-at="2023-02-11T15:20:44 IST" name="Test" finished-at="2023-02-11T15:20:52 IST" duration-ms="7376">
      <class name="testcases.LoginTest">
        <test-method is-config="true" signature="setUpBrowser()[pri:0, instance:testcases.LoginTest@32c4e8b2]" started-at="2023-02-11T15:20:45 IST" name="setUpBrowser" finished-at="2023-02-11T15:20:48 IST" duration-ms="2973" status="PASS">
          <reporter-output>
          </reporter-output>
        </test-method> <!-- setUpBrowser -->
        <test-method signature="loginToApplication(java.lang.String,java.lang.String)[pri:0, instance:testcases.LoginTest@32c4e8b2]" started-at="2023-02-11T15:20:48 IST" name="loginToApplication" data-provider="loginDataSet" finished-at="2023-02-11T15:20:49 IST" duration-ms="259" status="PASS">
          <params>
            <param index="0">
              <value>
                <![CDATA[ineuron@ineuron.ai]]>
              </value>
            </param>
            <param index="1">
              <value>
                <![CDATA[ineuron]]>
              </value>
            </param>
          </params>
          <reporter-output>
          </reporter-output>
        </test-method> <!-- loginToApplication -->
        <test-method is-config="true" signature="tearDown()[pri:0, instance:testcases.LoginTest@32c4e8b2]" started-at="2023-02-11T15:20:49 IST" name="tearDown" finished-at="2023-02-11T15:20:49 IST" duration-ms="179" status="PASS">
          <reporter-output>
          </reporter-output>
        </test-method> <!-- tearDown -->
        <test-method is-config="true" signature="setUpBrowser()[pri:0, instance:testcases.LoginTest@32c4e8b2]" started-at="2023-02-11T15:20:49 IST" name="setUpBrowser" finished-at="2023-02-11T15:20:51 IST" duration-ms="1863" status="PASS">
          <reporter-output>
          </reporter-output>
        </test-method> <!-- setUpBrowser -->
        <test-method signature="loginToApplication(java.lang.String,java.lang.String)[pri:0, instance:testcases.LoginTest@32c4e8b2]" started-at="2023-02-11T15:20:51 IST" name="loginToApplication" data-provider="loginDataSet" finished-at="2023-02-11T15:20:51 IST" duration-ms="249" status="PASS">
          <params>
            <param index="0">
              <value>
                <![CDATA[admin@admin.com]]>
              </value>
            </param>
            <param index="1">
              <value>
                <![CDATA[admin]]>
              </value>
            </param>
          </params>
          <reporter-output>
          </reporter-output>
        </test-method> <!-- loginToApplication -->
        <test-method is-config="true" signature="tearDown()[pri:0, instance:testcases.LoginTest@32c4e8b2]" started-at="2023-02-11T15:20:52 IST" name="tearDown" finished-at="2023-02-11T15:20:52 IST" duration-ms="149" status="PASS">
          <reporter-output>
          </reporter-output>
        </test-method> <!-- tearDown -->
      </class> <!-- testcases.LoginTest -->
    </test> <!-- Test -->
  </suite> <!-- Suite -->
</testng-results>
